Session ID avant destruction: 0cnma6hvc8fcjpo9r38j1ucciv
Session détruite. Session ID après destruction: 
Session ID avant destruction: tvkt8ja80akd6v1josj94bnau1
Session détruite. Session ID après destruction: 
Session ID avant destruction: ci0emnvmh1n5ed011lkoqheuql
Session détruite. Session ID après destruction: 
Session ID avant destruction: o9afuqfmesogvfhksvgk7uoel3
Session détruite. Session ID après destruction: 
Session ID avant destruction: 9vtev6k32ed8m76ub6caqf8ulr
Session détruite. Session ID après destruction: 
Session ID avant destruction: 3gue3c95mc6hmq7u5m49jdtlgb
Session détruite. Session ID après destruction: 
Session ID avant destruction: 570s583svg2e387sg0chgg846v
Session détruite. Session ID après destruction: 
Session ID avant destruction: f9u64risc2eg6m8d6pfcajh0ch
Session détruite. Session ID après destruction: 
Session ID avant destruction: sfnapiii0lne4mfc40ftgk3rbv
Session détruite. Session ID après destruction: 
Session ID avant destruction: hujm388n5hleli1fprjpud21ff
Session détruite. Session ID après destruction: 
Session ID avant destruction: 38774ap1dejpic55qcigeprc61
Session détruite. Session ID après destruction: 
Session ID avant destruction: 812m81ni290l955m298c4msadi
Session détruite. Session ID après destruction: 
Session ID avant destruction: lgicgotrc554qnub091i64q3to
Session détruite. Session ID après destruction: 
Session ID avant destruction: 35br7mtr2ftsomgsc59j5q0rq0
Session détruite. Session ID après destruction: 
Session ID avant destruction: n8trcr3un2jj3n1oeheodhg0cs
Session détruite. Session ID après destruction: 
Session ID avant destruction: dssrh3sdgbcbh6qmjhdnklk6b1
Session détruite. Session ID après destruction: 
Session ID avant destruction: uph6179j11duotos3n1vjka6t6
Session détruite. Session ID après destruction: 
Session ID avant destruction: enghdu13rscvtvhkfi86li1t10
Session détruite. Session ID après destruction: 
Session ID avant destruction: hlpdlvb5sjo98svlt8spmce924
Session détruite. Session ID après destruction: 
Session ID avant destruction: td8ilrtin53e0dkjq2get9moos
Session détruite. Session ID après destruction: 
Session ID avant destruction: cjof10f0bt6ueiac7henf24ndh
Session détruite. Session ID après destruction: 
Session ID avant destruction: 7r2hgj5sqm63rpm0nbo6qkimo9
Session détruite. Session ID après destruction: 
Session ID avant destruction: 3u59hted4hqr5a4r6t12rhftlj
Session détruite. Session ID après destruction: 
Session ID avant destruction: bv1egqerf5v5mfpqdct0nomdvk
Session détruite. Session ID après destruction: 
Session ID avant destruction: ebtftf76pf9t9s4mjtff8gqcam
Session détruite. Session ID après destruction: 
Session ID avant destruction: 5smhb66gtufpdh63at2c6fikvp
Session détruite. Session ID après destruction: 
Session ID avant destruction: i539ethvk4i4e7668h9rab3hb8
Session détruite. Session ID après destruction: 
Session ID avant destruction: n6je410q0qa1pt7djdnajue9rb
Session détruite. Session ID après destruction: 
Session ID avant destruction: ngb9kp5as50hupnfielq8ckfnk
Session détruite. Session ID après destruction: 
Session ID avant destruction: 1i5nnpg6113o15iom6oudhcvnh
Session détruite. Session ID après destruction: 
Session ID avant destruction: 08te1ujntnkdf3e1vs0vtubtn2
Session détruite. Session ID après destruction: 
Session ID avant destruction: aea73327ebqn0mnbu2iivrrsv7
Session détruite. Session ID après destruction: 
Session ID avant destruction: cp1qrf9bv1t44rfo7tqf7ecdkf
Session détruite. Session ID après destruction: 
Session ID avant destruction: 58u84feu637e0imrhj30oo773c
Session détruite. Session ID après destruction: 
